Performing C SOURCE FILE Test CMAKE_HAVE_LIBC_PTHREAD failed with the following output:
Change Dir: /home/naysudes/CodeShare/cmake-build-debug/CMakeFiles/CMakeTmp

Run Build Command(s):/usr/bin/make cmTC_1b951/fast && /usr/bin/make -f CMakeFiles/cmTC_1b951.dir/build.make CMakeFiles/cmTC_1b951.dir/build
make[1]: вход в каталог «/home/naysudes/CodeShare/cmake-build-debug/CMakeFiles/CMakeTmp»
Building C object CMakeFiles/cmTC_1b951.dir/src.c.o
/usr/bin/cc   -DCMAKE_HAVE_LIBC_PTHREAD   -o CMakeFiles/cmTC_1b951.dir/src.c.o   -c /home/naysudes/CodeShare/cmake-build-debug/CMakeFiles/CMakeTmp/src.c
Linking C executable cmTC_1b951
/snap/clion/111/bin/cmake/linux/bin/cmake -E cmake_link_script CMakeFiles/cmTC_1b951.dir/link.txt --verbose=1
/usr/bin/cc  -DCMAKE_HAVE_LIBC_PTHREAD    CMakeFiles/cmTC_1b951.dir/src.c.o  -o cmTC_1b951 
/usr/bin/ld: CMakeFiles/cmTC_1b951.dir/src.c.o: в функции «main»:
src.c:(.text+0x46): неопределённая ссылка на «pthread_create»
/usr/bin/ld: src.c:(.text+0x52): неопределённая ссылка на «pthread_detach»
/usr/bin/ld: src.c:(.text+0x63): неопределённая ссылка на «pthread_join»
collect2: error: ld returned 1 exit status
make[1]: *** [CMakeFiles/cmTC_1b951.dir/build.make:87: cmTC_1b951] Ошибка 1
make[1]: выход из каталога «/home/naysudes/CodeShare/cmake-build-debug/CMakeFiles/CMakeTmp»
make: *** [Makefile:121: cmTC_1b951/fast] Ошибка 2


Source file was:
#include <pthread.h>

void* test_func(void* data)
{
  return data;
}

int main(void)
{
  pthread_t thread;
  pthread_create(&thread, NULL, test_func, NULL);
  pthread_detach(thread);
  pthread_join(thread, NULL);
  pthread_atfork(NULL, NULL, NULL);
  pthread_exit(NULL);

  return 0;
}

Determining if the function pthread_create exists in the pthreads failed with the following output:
Change Dir: /home/naysudes/CodeShare/cmake-build-debug/CMakeFiles/CMakeTmp

Run Build Command(s):/usr/bin/make cmTC_e64ff/fast && /usr/bin/make -f CMakeFiles/cmTC_e64ff.dir/build.make CMakeFiles/cmTC_e64ff.dir/build
make[1]: вход в каталог «/home/naysudes/CodeShare/cmake-build-debug/CMakeFiles/CMakeTmp»
Building C object CMakeFiles/cmTC_e64ff.dir/CheckFunctionExists.c.o
/usr/bin/cc   -DCHECK_FUNCTION_EXISTS=pthread_create   -o CMakeFiles/cmTC_e64ff.dir/CheckFunctionExists.c.o   -c /snap/clion/111/bin/cmake/linux/share/cmake-3.16/Modules/CheckFunctionExists.c
Linking C executable cmTC_e64ff
/snap/clion/111/bin/cmake/linux/bin/cmake -E cmake_link_script CMakeFiles/cmTC_e64ff.dir/link.txt --verbose=1
/usr/bin/cc  -DCHECK_FUNCTION_EXISTS=pthread_create    CMakeFiles/cmTC_e64ff.dir/CheckFunctionExists.c.o  -o cmTC_e64ff  -lpthreads 
/usr/bin/ld: невозможно найти -lpthreads
collect2: error: ld returned 1 exit status
make[1]: *** [CMakeFiles/cmTC_e64ff.dir/build.make:87: cmTC_e64ff] Ошибка 1
make[1]: выход из каталога «/home/naysudes/CodeShare/cmake-build-debug/CMakeFiles/CMakeTmp»
make: *** [Makefile:121: cmTC_e64ff/fast] Ошибка 2



